<?xml version="1.0" encoding="utf-8"?><testsuites name="pytest tests"><testsuite name="pytest" errors="0" failures="0" skipped="0" tests="14" time="1.283" timestamp="2026-04-25T09:39:44.339527+00:00" hostname="agent-env-08daa9b6-7d04-49f7-b1ea-f349e4ed7d2b"><testcase classname="backend.tests.test_street_shield_api.TestRoot" name="test_root" time="0.269" /><testcase classname="backend.tests.test_street_shield_api.TestShieldState" name="test_get_state_creates_singleton" time="0.059" /><testcase classname="backend.tests.test_street_shield_api.TestShieldState" name="test_patch_state_merges_and_persists" time="0.101" /><testcase classname="backend.tests.test_street_shield_api.TestShieldState" name="test_patch_state_partial_does_not_reset_others" time="0.050" /><testcase classname="backend.tests.test_street_shield_api.TestContacts" name="test_list_contacts_initial" time="0.050" /><testcase classname="backend.tests.test_street_shield_api.TestContacts" name="test_add_contact_success" time="0.100" /><testcase classname="backend.tests.test_street_shield_api.TestContacts" name="test_add_contact_blank_name" time="0.051" /><testcase classname="backend.tests.test_street_shield_api.TestContacts" name="test_add_contact_blank_phone" time="0.048" /><testcase classname="backend.tests.test_street_shield_api.TestContacts" name="test_delete_contact_success" time="0.099" /><testcase classname="backend.tests.test_street_shield_api.TestContacts" name="test_delete_contact_not_found" time="0.048" /><testcase classname="backend.tests.test_street_shield_api.TestAlerts" name="test_list_alerts" time="0.048" /><testcase classname="backend.tests.test_street_shield_api.TestAlerts" name="test_create_alert_with_location" time="0.129" /><testcase classname="backend.tests.test_street_shield_api.TestAlerts" name="test_create_alert_without_location" time="0.048" /><testcase classname="backend.tests.test_street_shield_api.TestActivity" name="test_get_activity_shape" time="0.053" /></testsuite></testsuites>