<?xml version="1.0" encoding="utf-8"?><testsuites name="pytest tests"><testsuite name="pytest" errors="0" failures="0" skipped="0" tests="24" time="1.595" timestamp="2026-04-25T09:53:18.050667+00:00" hostname="agent-env-08daa9b6-7d04-49f7-b1ea-f349e4ed7d2b"><testcase classname="backend.tests.test_share_api.TestShareSession" name="test_start_share_without_location" time="0.105" /><testcase classname="backend.tests.test_share_api.TestShareSession" name="test_start_share_with_initial_location" time="0.048" /><testcase classname="backend.tests.test_share_api.TestShareSession" name="test_start_share_default_anonymous_when_blank" time="0.048" /><testcase classname="backend.tests.test_share_api.TestShareSession" name="test_get_share_returns_session" time="0.048" /><testcase classname="backend.tests.test_share_api.TestShareSession" name="test_get_share_unknown_token_returns_404" time="0.054" /><testcase classname="backend.tests.test_share_api.TestShareSession" name="test_ping_share_updates_location" time="0.096" /><testcase classname="backend.tests.test_share_api.TestShareSession" name="test_ping_share_unknown_token_returns_404" time="0.048" /><testcase classname="backend.tests.test_share_api.TestShareSession" name="test_stop_share" time="0.092" /><testcase classname="backend.tests.test_share_api.TestShareSession" name="test_ping_after_stop_returns_410" time="0.045" /><testcase classname="backend.tests.test_share_api.TestShareSession" name="test_stop_unknown_token_returns_404" time="0.048" /><testcase classname="backend.tests.test_street_shield_api.TestRoot" name="test_root" time="0.124" /><testcase classname="backend.tests.test_street_shield_api.TestShieldState" name="test_get_state_creates_singleton" time="0.047" /><testcase classname="backend.tests.test_street_shield_api.TestShieldState" name="test_patch_state_merges_and_persists" time="0.086" /><testcase classname="backend.tests.test_street_shield_api.TestShieldState" name="test_patch_state_partial_does_not_reset_others" time="0.044" /><testcase classname="backend.tests.test_street_shield_api.TestContacts" name="test_list_contacts_initial" time="0.044" /><testcase classname="backend.tests.test_street_shield_api.TestContacts" name="test_add_contact_success" time="0.090" /><testcase classname="backend.tests.test_street_shield_api.TestContacts" name="test_add_contact_blank_name" time="0.042" /><testcase classname="backend.tests.test_street_shield_api.TestContacts" name="test_add_contact_blank_phone" time="0.049" /><testcase classname="backend.tests.test_street_shield_api.TestContacts" name="test_delete_contact_success" time="0.095" /><testcase classname="backend.tests.test_street_shield_api.TestContacts" name="test_delete_contact_not_found" time="0.043" /><testcase classname="backend.tests.test_street_shield_api.TestAlerts" name="test_list_alerts" time="0.047" /><testcase classname="backend.tests.test_street_shield_api.TestAlerts" name="test_create_alert_with_location" time="0.088" /><testcase classname="backend.tests.test_street_shield_api.TestAlerts" name="test_create_alert_without_location" time="0.045" /><testcase classname="backend.tests.test_street_shield_api.TestActivity" name="test_get_activity_shape" time="0.047" /></testsuite></testsuites>