<?xml version="1.0" encoding="utf-8"?><testsuites name="pytest tests"><testsuite name="pytest" errors="0" failures="0" skipped="0" tests="10" time="0.938" timestamp="2026-04-25T09:53:13.138221+00:00" hostname="agent-env-08daa9b6-7d04-49f7-b1ea-f349e4ed7d2b"><testcase classname="backend.tests.test_share_api.TestShareSession" name="test_start_share_without_location" time="0.242" /><testcase classname="backend.tests.test_share_api.TestShareSession" name="test_start_share_with_initial_location" time="0.048" /><testcase classname="backend.tests.test_share_api.TestShareSession" name="test_start_share_default_anonymous_when_blank" time="0.051" /><testcase classname="backend.tests.test_share_api.TestShareSession" name="test_get_share_returns_session" time="0.052" /><testcase classname="backend.tests.test_share_api.TestShareSession" name="test_get_share_unknown_token_returns_404" time="0.047" /><testcase classname="backend.tests.test_share_api.TestShareSession" name="test_ping_share_updates_location" time="0.094" /><testcase classname="backend.tests.test_share_api.TestShareSession" name="test_ping_share_unknown_token_returns_404" time="0.047" /><testcase classname="backend.tests.test_share_api.TestShareSession" name="test_stop_share" time="0.095" /><testcase classname="backend.tests.test_share_api.TestShareSession" name="test_ping_after_stop_returns_410" time="0.050" /><testcase classname="backend.tests.test_share_api.TestShareSession" name="test_stop_unknown_token_returns_404" time="0.046" /></testsuite></testsuites>